<?xml version="1.0" encoding="UTF-8"?>
<!-- Generated by org.testng.reporters.JUnitXMLReporter -->
<testsuite ignored="0" hostname="Johnte" failures="6" tests="11" name="Surefire test" time="215.503" errors="0" timestamp="2023-06-11T12:28:54 EAT">
  <testcase classname="org.selenium.tests.AddToCartTest" name="addToCartFeaturedProducts" time="8.81">
    <failure type="java.lang.AssertionError" message="expected [Anchor Bracelet] but found [Blue Shoes]">
      <![CDATA[java.lang.AssertionError: expected [Anchor Bracelet] but found [Blue Shoes]
at org.selenium.tests.AddToCartTest.addToCartFeaturedProducts(AddToCartTest.java:41)
at java.base/java.util.concurrent.FutureTask.run(FutureTask.java:264)
at java.base/java.util.concurrent.Executors$RunnableAdapter.call(Executors.java:515)
at java.base/java.util.concurrent.FutureTask.run(FutureTask.java:264)
at java.base/java.util.concurrent.ThreadPoolExecutor.runWorker(ThreadPoolExecutor.java:1128)
at java.base/java.util.concurrent.ThreadPoolExecutor$Worker.run(ThreadPoolExecutor.java:628)
at java.base/java.lang.Thread.run(Thread.java:834)
... Removed 15 stack frames]]>
    </failure>
  </testcase> <!-- addToCartFeaturedProducts -->
  <testcase classname="org.selenium.tests.AddToCartTest" name="addToCartFeaturedProducts" time="9.391">
    <failure type="java.lang.AssertionError" message="expected [Basic Blue Jeans] but found [Blue Shoes]">
      <![CDATA[java.lang.AssertionError: expected [Basic Blue Jeans] but found [Blue Shoes]
at org.selenium.tests.AddToCartTest.addToCartFeaturedProducts(AddToCartTest.java:41)
at java.base/java.util.concurrent.FutureTask.run(FutureTask.java:264)
at java.base/java.util.concurrent.Executors$RunnableAdapter.call(Executors.java:515)
at java.base/java.util.concurrent.FutureTask.run(FutureTask.java:264)
at java.base/java.util.concurrent.ThreadPoolExecutor.runWorker(ThreadPoolExecutor.java:1128)
at java.base/java.util.concurrent.ThreadPoolExecutor$Worker.run(ThreadPoolExecutor.java:628)
at java.base/java.lang.Thread.run(Thread.java:834)
... Removed 15 stack frames]]>
    </failure>
  </testcase> <!-- addToCartFeaturedProducts -->
  <testcase classname="org.selenium.tests.AddToCartTest" name="addToCartFeaturedProducts" time="9.446"/>
  <testcase classname="org.selenium.tests.AddToCartTest" name="addToCartFeaturedProducts" time="9.656">
    <failure type="java.lang.AssertionError" message="expected [Blue Tshirt] but found [Blue Shoes]">
      <![CDATA[java.lang.AssertionError: expected [Blue Tshirt] but found [Blue Shoes]
at org.selenium.tests.AddToCartTest.addToCartFeaturedProducts(AddToCartTest.java:41)
at java.base/java.util.concurrent.FutureTask.run(FutureTask.java:264)
at java.base/java.util.concurrent.Executors$RunnableAdapter.call(Executors.java:515)
at java.base/java.util.concurrent.FutureTask.run(FutureTask.java:264)
at java.base/java.util.concurrent.ThreadPoolExecutor.runWorker(ThreadPoolExecutor.java:1128)
at java.base/java.util.concurrent.ThreadPoolExecutor$Worker.run(ThreadPoolExecutor.java:628)
at java.base/java.lang.Thread.run(Thread.java:834)
... Removed 15 stack frames]]>
    </failure>
  </testcase> <!-- addToCartFeaturedProducts -->
  <testcase classname="org.selenium.tests.AddToCartTest" name="addToCartFeaturedProducts" time="9.705">
    <failure type="java.lang.AssertionError" message="expected [Denim Blue Jeans] but found [Blue Shoes]">
      <![CDATA[java.lang.AssertionError: expected [Denim Blue Jeans] but found [Blue Shoes]
at org.selenium.tests.AddToCartTest.addToCartFeaturedProducts(AddToCartTest.java:41)
at java.base/java.util.concurrent.FutureTask.run(FutureTask.java:264)
at java.base/java.util.concurrent.Executors$RunnableAdapter.call(Executors.java:515)
at java.base/java.util.concurrent.FutureTask.run(FutureTask.java:264)
at java.base/java.util.concurrent.ThreadPoolExecutor.runWorker(ThreadPoolExecutor.java:1128)
at java.base/java.util.concurrent.ThreadPoolExecutor$Worker.run(ThreadPoolExecutor.java:628)
at java.base/java.lang.Thread.run(Thread.java:834)
... Removed 15 stack frames]]>
    </failure>
  </testcase> <!-- addToCartFeaturedProducts -->
  <testcase classname="org.selenium.tests.AddToCartTest" name="addToCartFromStorePage" time="4.665"/>
  <testcase classname="org.selenium.tests.CheckoutTest" name="checkoutUsingDirectBankTransfer" time="13.167"/>
  <testcase classname="org.selenium.tests.CheckoutTest" name="loginUsingDirectBankTransfer" time="3.109">
    <failure type="java.lang.RuntimeException" message="failed to register the account, HTTP Status code: 200">
      <![CDATA[java.lang.RuntimeException: failed to register the account, HTTP Status code: 200
at org.selenium.api.actions.SignUpApi.register(SignUpApi.java:76)
at org.selenium.tests.CheckoutTest.loginUsingDirectBankTransfer(CheckoutTest.java:49)
at java.base/java.util.ArrayList.forEach(ArrayList.java:1541)
... Removed 32 stack frames]]>
    </failure>
  </testcase> <!-- loginUsingDirectBankTransfer -->
  <testcase classname="org.selenium.tests.LoginTest" name="loginDuringCheckout" time="117.882">
    <failure type="org.openqa.selenium.TimeoutException" message="Expected condition failed: waiting for element to be clickable: By.cssSelector: .showlogin (tried for 100 second(s) with 500 milliseconds interval)
Build info: version: &amp;apos;4.8.1&amp;apos;, revision: &amp;apos;8ebccac989&amp;apos;
System info: os.name: &amp;apos;Windows 10&amp;apos;, os.arch: &amp;apos;amd64&amp;apos;, os.version: &amp;apos;10.0&amp;apos;, java.version: &amp;apos;11.0.13&amp;apos;
Driver info: org.openqa.selenium.chrome.ChromeDriver
Capabilities {acceptInsecureCerts: false, browserName: chrome, browserVersion: 114.0.5735.110, chrome: {chromedriverVersion: 114.0.5735.90 (386bc09e8f4f..., userDataDir: C:\Users\hp\AppData\Local\T...}, goog:chromeOptions: {debuggerAddress: localhost:61183}, networkConnectionEnabled: false, pageLoadStrategy: normal, platformName: WINDOWS, proxy: Proxy(), se:cdp: ws://localhost:61183/devtoo..., se:cdpVersion: 114.0.5735.110, setWindowRect: true, strictFileInteractability: false, timeouts: {implicit: 0, pageLoad: 300000, script: 30000}, unhandledPromptBehavior: dismiss and notify, webauthn:extension:credBlob: true, webauthn:extension:largeBlob: true, webauthn:extension:minPinLength: true, webauthn:extension:prf: true, webauthn:virtualAuthenticators: true}
Session ID: b8340b3c1078e927235457cb553372ad">
      <![CDATA[org.openqa.selenium.TimeoutException: Expected condition failed: waiting for element to be clickable: By.cssSelector: .showlogin (tried for 100 second(s) with 500 milliseconds interval)
Build info: version: '4.8.1', revision: '8ebccac989'
System info: os.name: 'Windows 10', os.arch: 'amd64', os.version: '10.0', java.version: '11.0.13'
Driver info: org.openqa.selenium.chrome.ChromeDriver
Capabilities {acceptInsecureCerts: false, browserName: chrome, browserVersion: 114.0.5735.110, chrome: {chromedriverVersion: 114.0.5735.90 (386bc09e8f4f..., userDataDir: C:\Users\hp\AppData\Local\T...}, goog:chromeOptions: {debuggerAddress: localhost:61183}, networkConnectionEnabled: false, pageLoadStrategy: normal, platformName: WINDOWS, proxy: Proxy(), se:cdp: ws://localhost:61183/devtoo..., se:cdpVersion: 114.0.5735.110, setWindowRect: true, strictFileInteractability: false, timeouts: {implicit: 0, pageLoad: 300000, script: 30000}, unhandledPromptBehavior: dismiss and notify, webauthn:extension:credBlob: true, webauthn:extension:largeBlob: true, webauthn:extension:minPinLength: true, webauthn:extension:prf: true, webauthn:virtualAuthenticators: true}
Session ID: b8340b3c1078e927235457cb553372ad
at org.openqa.selenium.support.ui.WebDriverWait.timeoutException(WebDriverWait.java:87)
at org.openqa.selenium.support.ui.FluentWait.until(FluentWait.java:231)
at org.selenium.base.BasePageObject.waitForElementToBeClickable(BasePageObject.java:44)
at org.selenium.pageObjects.CheckoutPage.showLogin(CheckoutPage.java:43)
at org.selenium.tests.LoginTest.loginDuringCheckout(LoginTest.java:46)
at java.base/java.util.ArrayList.forEach(ArrayList.java:1541)
... Removed 32 stack frames]]>
    </failure>
  </testcase> <!-- loginDuringCheckout -->
  <testcase classname="org.selenium.tests.NavigationTest" name="navigateFromHomeToStoreUsingMainMenu" time="2.721"/>
  <testcase classname="org.selenium.tests.SearchTest" name="searchWithPartialMatch" time="1.895"/>
</testsuite> <!-- Surefire test -->
