<!DOCTYPE html PUBLIC "-//W3C//DTD XHTML 1.1//EN" "https://www.w3.org/TR/xhtml11/DTD/xhtml11.dtd">
<html xmlns="https://www.w3.org/1999/xhtml">
<head>
<meta http-equiv="content-type" content="text/html; charset=UTF-8"/>
<title>TestNG Report</title>
<style type="text/css">table {margin-bottom:10px;border-collapse:collapse;empty-cells:show}th,td {border:1px solid #009;padding:.25em .5em}th {vertical-align:bottom}td {vertical-align:top}table a {font-weight:bold}.stripe td {background-color: #E6EBF9}.num {text-align:right}.passedodd td {background-color: #3F3}.passedeven td {background-color: #0A0}.skippedodd td {background-color: #DDD}.skippedeven td {background-color: #CCC}.failedodd td,.attn {background-color: #F33}.failedeven td,.stripe .attn {background-color: #D00}.stacktrace {white-space:pre;font-family:monospace}.totop {font-size:85%;text-align:center;border-bottom:2px solid #000}.invisible {display:none}</style>
</head>
<body>
<table>
<tr><th>Test</th><th># Passed</th><th># Skipped</th><th># Retried</th><th># Failed</th><th>Time (ms)</th><th>Included Groups</th><th>Excluded Groups</th></tr>
<tr><th colspan="8">Surefire suite</th></tr>
<tr><td><a href="#t0">Surefire test</a></td><td class="num">5</td><td class="num">0</td><td class="num">0</td><td class="num attn">6</td><td class="num">215,503</td><td></td><td></td></tr>
</table>
<table id='summary'><thead><tr><th>Class</th><th>Method</th><th>Start</th><th>Time (ms)</th></tr></thead><tbody><tr><th colspan="4">Surefire suite</th></tr></tbody><tbody id="t0"><tr><th colspan="4">Surefire test &#8212; failed</th></tr><tr class="failedeven"><td rowspan="4">org.selenium.tests.AddToCartTest</td><td><a href="#m0">addToCartFeaturedProducts</a></td><td rowspan="4">1686475529649</td><td rowspan="4">8810</td></tr><tr class="failedeven"><td><a href="#m1">addToCartFeaturedProducts</a></td></tr><tr class="failedeven"><td><a href="#m2">addToCartFeaturedProducts</a></td></tr><tr class="failedeven"><td><a href="#m3">addToCartFeaturedProducts</a></td></tr><tr class="failedodd"><td rowspan="1">org.selenium.tests.CheckoutTest</td><td><a href="#m4">loginUsingDirectBankTransfer</a></td><td rowspan="1">1686475580534</td><td rowspan="1">3109</td></tr><tr class="failedeven"><td rowspan="1">org.selenium.tests.LoginTest</td><td><a href="#m5">loginDuringCheckout</a></td><td rowspan="1">1686475591306</td><td rowspan="1">117882</td></tr><tr><th colspan="4">Surefire test &#8212; passed</th></tr><tr class="passedeven"><td rowspan="2">org.selenium.tests.AddToCartTest</td><td><a href="#m6">addToCartFeaturedProducts</a></td><td rowspan="1">1686475529656</td><td rowspan="1">9446</td></tr><tr class="passedeven"><td><a href="#m7">addToCartFromStorePage</a></td><td rowspan="1">1686475548374</td><td rowspan="1">4665</td></tr><tr class="passedodd"><td rowspan="1">org.selenium.tests.CheckoutTest</td><td><a href="#m8">checkoutUsingDirectBankTransfer</a></td><td rowspan="1">1686475560028</td><td rowspan="1">13167</td></tr><tr class="passedeven"><td rowspan="1">org.selenium.tests.NavigationTest</td><td><a href="#m9">navigateFromHomeToStoreUsingMainMenu</a></td><td rowspan="1">1686475716176</td><td rowspan="1">2721</td></tr><tr class="passedodd"><td rowspan="1">org.selenium.tests.SearchTest</td><td><a href="#m10">searchWithPartialMatch</a></td><td rowspan="1">1686475726134</td><td rowspan="1">1895</td></tr></tbody>
</table>
<h2>Surefire test</h2><h3 id="m0">org.selenium.tests.AddToCartTest#addToCartFeaturedProducts</h3><table class="result"><tr class="param"><th>Parameter #1</th></tr><tr class="param stripe"><td>org.selenium.objects.Product@2366dbaf</td></tr><tr><th>Exception</th></tr><tr><td><div class="stacktrace">java.lang.AssertionError: expected [Anchor Bracelet] but found [Blue Shoes]
	at org.selenium.tests.AddToCartTest.addToCartFeaturedProducts(AddToCartTest.java:41)
	at java.base/java.util.concurrent.FutureTask.run(FutureTask.java:264)
	at java.base/java.util.concurrent.Executors$RunnableAdapter.call(Executors.java:515)
	at java.base/java.util.concurrent.FutureTask.run(FutureTask.java:264)
	at java.base/java.util.concurrent.ThreadPoolExecutor.runWorker(ThreadPoolExecutor.java:1128)
	at java.base/java.util.concurrent.ThreadPoolExecutor$Worker.run(ThreadPoolExecutor.java:628)
	at java.base/java.lang.Thread.run(Thread.java:834)
... Removed 15 stack frames</div></td></tr></table><p class="totop"><a href="#summary">back to summary</a></p>
<h3 id="m1">org.selenium.tests.AddToCartTest#addToCartFeaturedProducts</h3><table class="result"><tr class="param"><th>Parameter #1</th></tr><tr class="param stripe"><td>org.selenium.objects.Product@48ae370c</td></tr><tr><th>Exception</th></tr><tr><td><div class="stacktrace">java.lang.AssertionError: expected [Basic Blue Jeans] but found [Blue Shoes]
	at org.selenium.tests.AddToCartTest.addToCartFeaturedProducts(AddToCartTest.java:41)
	at java.base/java.util.concurrent.FutureTask.run(FutureTask.java:264)
	at java.base/java.util.concurrent.Executors$RunnableAdapter.call(Executors.java:515)
	at java.base/java.util.concurrent.FutureTask.run(FutureTask.java:264)
	at java.base/java.util.concurrent.ThreadPoolExecutor.runWorker(ThreadPoolExecutor.java:1128)
	at java.base/java.util.concurrent.ThreadPoolExecutor$Worker.run(ThreadPoolExecutor.java:628)
	at java.base/java.lang.Thread.run(Thread.java:834)
... Removed 15 stack frames</div></td></tr></table><p class="totop"><a href="#summary">back to summary</a></p>
<h3 id="m2">org.selenium.tests.AddToCartTest#addToCartFeaturedProducts</h3><table class="result"><tr class="param"><th>Parameter #1</th></tr><tr class="param stripe"><td>org.selenium.objects.Product@2a3a3d95</td></tr><tr><th>Exception</th></tr><tr><td><div class="stacktrace">java.lang.AssertionError: expected [Denim Blue Jeans] but found [Blue Shoes]
	at org.selenium.tests.AddToCartTest.addToCartFeaturedProducts(AddToCartTest.java:41)
	at java.base/java.util.concurrent.FutureTask.run(FutureTask.java:264)
	at java.base/java.util.concurrent.Executors$RunnableAdapter.call(Executors.java:515)
	at java.base/java.util.concurrent.FutureTask.run(FutureTask.java:264)
	at java.base/java.util.concurrent.ThreadPoolExecutor.runWorker(ThreadPoolExecutor.java:1128)
	at java.base/java.util.concurrent.ThreadPoolExecutor$Worker.run(ThreadPoolExecutor.java:628)
	at java.base/java.lang.Thread.run(Thread.java:834)
... Removed 15 stack frames</div></td></tr></table><p class="totop"><a href="#summary">back to summary</a></p>
<h3 id="m3">org.selenium.tests.AddToCartTest#addToCartFeaturedProducts</h3><table class="result"><tr class="param"><th>Parameter #1</th></tr><tr class="param stripe"><td>org.selenium.objects.Product@1c9269de</td></tr><tr><th>Exception</th></tr><tr><td><div class="stacktrace">java.lang.AssertionError: expected [Blue Tshirt] but found [Blue Shoes]
	at org.selenium.tests.AddToCartTest.addToCartFeaturedProducts(AddToCartTest.java:41)
	at java.base/java.util.concurrent.FutureTask.run(FutureTask.java:264)
	at java.base/java.util.concurrent.Executors$RunnableAdapter.call(Executors.java:515)
	at java.base/java.util.concurrent.FutureTask.run(FutureTask.java:264)
	at java.base/java.util.concurrent.ThreadPoolExecutor.runWorker(ThreadPoolExecutor.java:1128)
	at java.base/java.util.concurrent.ThreadPoolExecutor$Worker.run(ThreadPoolExecutor.java:628)
	at java.base/java.lang.Thread.run(Thread.java:834)
... Removed 15 stack frames</div></td></tr></table><p class="totop"><a href="#summary">back to summary</a></p>
<h3 id="m4">org.selenium.tests.CheckoutTest#loginUsingDirectBankTransfer</h3><table class="result"><tr><th>Exception</th></tr><tr><td><div class="stacktrace">java.lang.RuntimeException: failed to register the account, HTTP Status code: 200
	at org.selenium.api.actions.SignUpApi.register(SignUpApi.java:76)
	at org.selenium.tests.CheckoutTest.loginUsingDirectBankTransfer(CheckoutTest.java:49)
	at java.base/java.util.ArrayList.forEach(ArrayList.java:1541)
... Removed 32 stack frames</div></td></tr></table><p class="totop"><a href="#summary">back to summary</a></p>
<h3 id="m5">org.selenium.tests.LoginTest#loginDuringCheckout</h3><table class="result"><tr><th>Exception</th></tr><tr><td><div class="stacktrace">org.openqa.selenium.TimeoutException: Expected condition failed: waiting for element to be clickable: By.cssSelector: .showlogin (tried for 100 second(s) with 500 milliseconds interval)
Build info: version: &apos;4.8.1&apos;, revision: &apos;8ebccac989&apos;
System info: os.name: &apos;Windows 10&apos;, os.arch: &apos;amd64&apos;, os.version: &apos;10.0&apos;, java.version: &apos;11.0.13&apos;
Driver info: org.openqa.selenium.chrome.ChromeDriver
Capabilities {acceptInsecureCerts: false, browserName: chrome, browserVersion: 114.0.5735.110, chrome: {chromedriverVersion: 114.0.5735.90 (386bc09e8f4f..., userDataDir: C:\Users\hp\AppData\Local\T...}, goog:chromeOptions: {debuggerAddress: localhost:61183}, networkConnectionEnabled: false, pageLoadStrategy: normal, platformName: WINDOWS, proxy: Proxy(), se:cdp: ws://localhost:61183/devtoo..., se:cdpVersion: 114.0.5735.110, setWindowRect: true, strictFileInteractability: false, timeouts: {implicit: 0, pageLoad: 300000, script: 30000}, unhandledPromptBehavior: dismiss and notify, webauthn:extension:credBlob: true, webauthn:extension:largeBlob: true, webauthn:extension:minPinLength: true, webauthn:extension:prf: true, webauthn:virtualAuthenticators: true}
Session ID: b8340b3c1078e927235457cb553372ad
	at org.openqa.selenium.support.ui.WebDriverWait.timeoutException(WebDriverWait.java:87)
	at org.openqa.selenium.support.ui.FluentWait.until(FluentWait.java:231)
	at org.selenium.base.BasePageObject.waitForElementToBeClickable(BasePageObject.java:44)
	at org.selenium.pageObjects.CheckoutPage.showLogin(CheckoutPage.java:43)
	at org.selenium.tests.LoginTest.loginDuringCheckout(LoginTest.java:46)
	at java.base/java.util.ArrayList.forEach(ArrayList.java:1541)
... Removed 32 stack frames</div></td></tr></table><p class="totop"><a href="#summary">back to summary</a></p>
<h3 id="m6">org.selenium.tests.AddToCartTest#addToCartFeaturedProducts</h3><table class="result"><tr class="param"><th>Parameter #1</th></tr><tr class="param stripe"><td>org.selenium.objects.Product@72871518</td></tr></table><p class="totop"><a href="#summary">back to summary</a></p>
<h3 id="m7">org.selenium.tests.AddToCartTest#addToCartFromStorePage</h3><table class="result"><tr><th class="invisible"/></tr></table><p class="totop"><a href="#summary">back to summary</a></p>
<h3 id="m8">org.selenium.tests.CheckoutTest#checkoutUsingDirectBankTransfer</h3><table class="result"><tr><th class="invisible"/></tr></table><p class="totop"><a href="#summary">back to summary</a></p>
<h3 id="m9">org.selenium.tests.NavigationTest#navigateFromHomeToStoreUsingMainMenu</h3><table class="result"><tr><th class="invisible"/></tr></table><p class="totop"><a href="#summary">back to summary</a></p>
<h3 id="m10">org.selenium.tests.SearchTest#searchWithPartialMatch</h3><table class="result"><tr><th class="invisible"/></tr></table><p class="totop"><a href="#summary">back to summary</a></p>
</body>
</html>
