<!DOCTYPE html>

<html>
  <head>
  <meta charset='utf-8'>
  <title>TestNG reports</title>

    <link type="text/css" href="testng-reports1.css" rel="stylesheet" id="ultra" />
    <link type="text/css" href="testng-reports.css" rel="stylesheet" id="retro" disabled="false"/>
    <script type="text/javascript" src="jquery-3.6.0.min.js"></script>
    <script type="text/javascript" src="testng-reports.js"></script>
    <script type="text/javascript" src="https://www.google.com/jsapi"></script>
    <script type='text/javascript'>
      google.load('visualization', '1', {packages:['table']});
      google.setOnLoadCallback(drawTable);
      var suiteTableInitFunctions = new Array();
      var suiteTableData = new Array();
    </script>
    <!--
      <script type="text/javascript" src="jquery-ui/js/jquery-ui-1.8.16.custom.min.js"></script>
     -->
  </head>

  <body>    <div class="top-banner-root">
      <span class="top-banner-title-font">Test results</span>
      <button id="button" class="button">Switch Retro Theme</button> <!-- button -->
      <br/>
      <span class="top-banner-font-1">1 suite, 6 failed tests</span>
    </div> <!-- top-banner-root -->
    <div class="navigator-root">
      <div class="navigator-suite-header">
        <span>All suites</span>
        <a href="#" title="Collapse/expand all the suites" class="collapse-all-link">
          <img src="collapseall.gif" class="collapse-all-icon">
          </img> <!-- collapse-all-icon -->
        </a> <!-- collapse-all-link -->
      </div> <!-- navigator-suite-header -->
      <div class="suite">
        <div class="rounded-window">
          <div class="suite-header light-rounded-window-top">
            <a href="#" panel-name="suite-Surefire_suite" class="navigator-link">
              <span class="suite-name border-failed">Surefire suite</span>
            </a> <!-- navigator-link -->
          </div> <!-- suite-header light-rounded-window-top -->
          <div class="navigator-suite-content">
            <div class="suite-section-title">
              <span>Info</span>
            </div> <!-- suite-section-title -->
            <div class="suite-section-content">
              <ul>
                <li>
                  <a href="#" panel-name="test-xml-Surefire_suite" class="navigator-link ">
                    <span>[unset file name]</span>
                  </a> <!-- navigator-link  -->
                </li>
                <li>
                  <a href="#" panel-name="testlist-Surefire_suite" class="navigator-link ">
                    <span class="test-stats">1 test</span>
                  </a> <!-- navigator-link  -->
                </li>
                <li>
                  <a href="#" panel-name="group-Surefire_suite" class="navigator-link ">
                    <span>0 groups</span>
                  </a> <!-- navigator-link  -->
                </li>
                <li>
                  <a href="#" panel-name="times-Surefire_suite" class="navigator-link ">
                    <span>Times</span>
                  </a> <!-- navigator-link  -->
                </li>
                <li>
                  <a href="#" panel-name="reporter-Surefire_suite" class="navigator-link ">
                    <span>Reporter output</span>
                  </a> <!-- navigator-link  -->
                </li>
                <li>
                  <a href="#" panel-name="ignored-methods-Surefire_suite" class="navigator-link ">
                    <span>Ignored methods</span>
                  </a> <!-- navigator-link  -->
                </li>
                <li>
                  <a href="#" panel-name="chronological-Surefire_suite" class="navigator-link ">
                    <span>Chronological view</span>
                  </a> <!-- navigator-link  -->
                </li>
              </ul>
            </div> <!-- suite-section-content -->
            <div class="result-section">
              <div class="suite-section-title">
                <span>Results</span>
              </div> <!-- suite-section-title -->
              <div class="suite-section-content">
                <ul>
                  <li>
                    <span class="method-stats">11 methods, 6 failed,   5 passed</span>
                  </li>
                  <li>
                    <span class="method-list-title failed">Failed methods</span>
                    <span class="show-or-hide-methods failed">
                      <a href="#" panel-name="suite-Surefire_suite" class="hide-methods failed suite-Surefire_suite"> (hide)</a> <!-- hide-methods failed suite-Surefire_suite -->
                      <a href="#" panel-name="suite-Surefire_suite" class="show-methods failed suite-Surefire_suite"> (show)</a> <!-- show-methods failed suite-Surefire_suite -->
                    </span>
                    <div class="method-list-content failed suite-Surefire_suite">
                      <span>
                        <img src="failed.png" width="3%"/>
                        <a href="#" panel-name="suite-Surefire_suite" title="org.selenium.tests.AddToCartTest" class="method navigator-link" hash-for-method="addToCartFeaturedProducts(org.selenium.objects.Product@2366dbaf)">addToCartFeaturedProducts(org.selenium.objects.Product@2366dbaf)</a> <!-- method navigator-link -->
                      </span>
                      <br/>
                      <span>
                        <img src="failed.png" width="3%"/>
                        <a href="#" panel-name="suite-Surefire_suite" title="org.selenium.tests.AddToCartTest" class="method navigator-link" hash-for-method="addToCartFeaturedProducts(org.selenium.objects.Product@48ae370c)">addToCartFeaturedProducts(org.selenium.objects.Product@48ae370c)</a> <!-- method navigator-link -->
                      </span>
                      <br/>
                      <span>
                        <img src="failed.png" width="3%"/>
                        <a href="#" panel-name="suite-Surefire_suite" title="org.selenium.tests.AddToCartTest" class="method navigator-link" hash-for-method="addToCartFeaturedProducts(org.selenium.objects.Product@2a3a3d95)">addToCartFeaturedProducts(org.selenium.objects.Product@2a3a3d95)</a> <!-- method navigator-link -->
                      </span>
                      <br/>
                      <span>
                        <img src="failed.png" width="3%"/>
                        <a href="#" panel-name="suite-Surefire_suite" title="org.selenium.tests.AddToCartTest" class="method navigator-link" hash-for-method="addToCartFeaturedProducts(org.selenium.objects.Product@1c9269de)">addToCartFeaturedProducts(org.selenium.objects.Product@1c9269de)</a> <!-- method navigator-link -->
                      </span>
                      <br/>
                      <span>
                        <img src="failed.png" width="3%"/>
                        <a href="#" panel-name="suite-Surefire_suite" title="org.selenium.tests.LoginTest" class="method navigator-link" hash-for-method="loginDuringCheckout">loginDuringCheckout</a> <!-- method navigator-link -->
                      </span>
                      <br/>
                      <span>
                        <img src="failed.png" width="3%"/>
                        <a href="#" panel-name="suite-Surefire_suite" title="org.selenium.tests.CheckoutTest" class="method navigator-link" hash-for-method="loginUsingDirectBankTransfer">loginUsingDirectBankTransfer</a> <!-- method navigator-link -->
                      </span>
                      <br/>
                    </div> <!-- method-list-content failed suite-Surefire_suite -->
                  </li>
                  <li>
                    <span class="method-list-title passed">Passed methods</span>
                    <span class="show-or-hide-methods passed">
                      <a href="#" panel-name="suite-Surefire_suite" class="hide-methods passed suite-Surefire_suite"> (hide)</a> <!-- hide-methods passed suite-Surefire_suite -->
                      <a href="#" panel-name="suite-Surefire_suite" class="show-methods passed suite-Surefire_suite"> (show)</a> <!-- show-methods passed suite-Surefire_suite -->
                    </span>
                    <div class="method-list-content passed suite-Surefire_suite">
                      <span>
                        <img src="passed.png" width="3%"/>
                        <a href="#" panel-name="suite-Surefire_suite" title="org.selenium.tests.AddToCartTest" class="method navigator-link" hash-for-method="addToCartFeaturedProducts(org.selenium.objects.Product@72871518)">addToCartFeaturedProducts(org.selenium.objects.Product@72871518)</a> <!-- method navigator-link -->
                      </span>
                      <br/>
                      <span>
                        <img src="passed.png" width="3%"/>
                        <a href="#" panel-name="suite-Surefire_suite" title="org.selenium.tests.AddToCartTest" class="method navigator-link" hash-for-method="addToCartFromStorePage">addToCartFromStorePage</a> <!-- method navigator-link -->
                      </span>
                      <br/>
                      <span>
                        <img src="passed.png" width="3%"/>
                        <a href="#" panel-name="suite-Surefire_suite" title="org.selenium.tests.CheckoutTest" class="method navigator-link" hash-for-method="checkoutUsingDirectBankTransfer">checkoutUsingDirectBankTransfer</a> <!-- method navigator-link -->
                      </span>
                      <br/>
                      <span>
                        <img src="passed.png" width="3%"/>
                        <a href="#" panel-name="suite-Surefire_suite" title="org.selenium.tests.NavigationTest" class="method navigator-link" hash-for-method="navigateFromHomeToStoreUsingMainMenu">navigateFromHomeToStoreUsingMainMenu</a> <!-- method navigator-link -->
                      </span>
                      <br/>
                      <span>
                        <img src="passed.png" width="3%"/>
                        <a href="#" panel-name="suite-Surefire_suite" title="org.selenium.tests.SearchTest" class="method navigator-link" hash-for-method="searchWithPartialMatch">searchWithPartialMatch</a> <!-- method navigator-link -->
                      </span>
                      <br/>
                    </div> <!-- method-list-content passed suite-Surefire_suite -->
                  </li>
                </ul>
              </div> <!-- suite-section-content -->
            </div> <!-- result-section -->
          </div> <!-- navigator-suite-content -->
        </div> <!-- rounded-window -->
      </div> <!-- suite -->
    </div> <!-- navigator-root -->
    <div class="wrapper">
      <div class="main-panel-root">
        <div panel-name="suite-Surefire_suite" class="panel Surefire_suite">
          <div class="suite-Surefire_suite-class-failed">
            <div class="main-panel-header rounded-window-top">
              <img src="failed.png"/>
              <span class="class-name">org.selenium.tests.LoginTest</span>
            </div> <!-- main-panel-header rounded-window-top -->
            <div class="main-panel-content rounded-window-bottom">
              <div class="method">
                <div class="method-content">
                  <a name="loginDuringCheckout">
                  </a> <!-- loginDuringCheckout -->
                  <span class="method-name">loginDuringCheckout</span>
                  <div class="stack-trace">org.openqa.selenium.TimeoutException: Expected condition failed: waiting for element to be clickable: By.cssSelector: .showlogin (tried for 100 second(s) with 500 milliseconds interval)
Build info: version: &apos;4.8.1&apos;, revision: &apos;8ebccac989&apos;
System info: os.name: &apos;Windows 10&apos;, os.arch: &apos;amd64&apos;, os.version: &apos;10.0&apos;, java.version: &apos;11.0.13&apos;
Driver info: org.openqa.selenium.chrome.ChromeDriver
Capabilities {acceptInsecureCerts: false, browserName: chrome, browserVersion: 114.0.5735.110, chrome: {chromedriverVersion: 114.0.5735.90 (386bc09e8f4f..., userDataDir: C:\Users\hp\AppData\Local\T...}, goog:chromeOptions: {debuggerAddress: localhost:61183}, networkConnectionEnabled: false, pageLoadStrategy: normal, platformName: WINDOWS, proxy: Proxy(), se:cdp: ws://localhost:61183/devtoo..., se:cdpVersion: 114.0.5735.110, setWindowRect: true, strictFileInteractability: false, timeouts: {implicit: 0, pageLoad: 300000, script: 30000}, unhandledPromptBehavior: dismiss and notify, webauthn:extension:credBlob: true, webauthn:extension:largeBlob: true, webauthn:extension:minPinLength: true, webauthn:extension:prf: true, webauthn:virtualAuthenticators: true}
Session ID: b8340b3c1078e927235457cb553372ad
	at org.openqa.selenium.support.ui.WebDriverWait.timeoutException(WebDriverWait.java:87)
	at org.openqa.selenium.support.ui.FluentWait.until(FluentWait.java:231)
	at org.selenium.base.BasePageObject.waitForElementToBeClickable(BasePageObject.java:44)
	at org.selenium.pageObjects.CheckoutPage.showLogin(CheckoutPage.java:43)
	at org.selenium.tests.LoginTest.loginDuringCheckout(LoginTest.java:46)
	at java.base/java.util.ArrayList.forEach(ArrayList.java:1541)
... Removed 32 stack frames
</div> <!-- stack-trace -->
                  <em>
(Test that the user can login)                  </em>
                </div> <!-- method-content -->
              </div> <!-- method -->
            </div> <!-- main-panel-content rounded-window-bottom -->
          </div> <!-- suite-Surefire_suite-class-failed -->
          <div class="suite-Surefire_suite-class-failed">
            <div class="main-panel-header rounded-window-top">
              <img src="failed.png"/>
              <span class="class-name">org.selenium.tests.AddToCartTest</span>
            </div> <!-- main-panel-header rounded-window-top -->
            <div class="main-panel-content rounded-window-bottom">
              <div class="method">
                <div class="method-content">
                  <a name="addToCartFeaturedProducts(org.selenium.objects.Product@2366dbaf)">
                  </a> <!-- addToCartFeaturedProducts(org.selenium.objects.Product@2366dbaf) -->
                  <span class="method-name">addToCartFeaturedProducts</span>
                  <span class="parameters">(org.selenium.objects.Product@2366dbaf)</span>
                  <div class="stack-trace">java.lang.AssertionError: expected [Anchor Bracelet] but found [Blue Shoes]
	at org.selenium.tests.AddToCartTest.addToCartFeaturedProducts(AddToCartTest.java:41)
	at java.base/java.util.concurrent.FutureTask.run(FutureTask.java:264)
	at java.base/java.util.concurrent.Executors$RunnableAdapter.call(Executors.java:515)
	at java.base/java.util.concurrent.FutureTask.run(FutureTask.java:264)
	at java.base/java.util.concurrent.ThreadPoolExecutor.runWorker(ThreadPoolExecutor.java:1128)
	at java.base/java.util.concurrent.ThreadPoolExecutor$Worker.run(ThreadPoolExecutor.java:628)
	at java.base/java.lang.Thread.run(Thread.java:834)
... Removed 15 stack frames
</div> <!-- stack-trace -->
                  <em>
(Be able to add product to cart)                  </em>
                </div> <!-- method-content -->
              </div> <!-- method -->
              <div class="method">
                <div class="method-content">
                  <a name="addToCartFeaturedProducts(org.selenium.objects.Product@48ae370c)">
                  </a> <!-- addToCartFeaturedProducts(org.selenium.objects.Product@48ae370c) -->
                  <span class="method-name">addToCartFeaturedProducts</span>
                  <span class="parameters">(org.selenium.objects.Product@48ae370c)</span>
                  <div class="stack-trace">java.lang.AssertionError: expected [Basic Blue Jeans] but found [Blue Shoes]
	at org.selenium.tests.AddToCartTest.addToCartFeaturedProducts(AddToCartTest.java:41)
	at java.base/java.util.concurrent.FutureTask.run(FutureTask.java:264)
	at java.base/java.util.concurrent.Executors$RunnableAdapter.call(Executors.java:515)
	at java.base/java.util.concurrent.FutureTask.run(FutureTask.java:264)
	at java.base/java.util.concurrent.ThreadPoolExecutor.runWorker(ThreadPoolExecutor.java:1128)
	at java.base/java.util.concurrent.ThreadPoolExecutor$Worker.run(ThreadPoolExecutor.java:628)
	at java.base/java.lang.Thread.run(Thread.java:834)
... Removed 15 stack frames
</div> <!-- stack-trace -->
                  <em>
(Be able to add product to cart)                  </em>
                </div> <!-- method-content -->
              </div> <!-- method -->
              <div class="method">
                <div class="method-content">
                  <a name="addToCartFeaturedProducts(org.selenium.objects.Product@2a3a3d95)">
                  </a> <!-- addToCartFeaturedProducts(org.selenium.objects.Product@2a3a3d95) -->
                  <span class="method-name">addToCartFeaturedProducts</span>
                  <span class="parameters">(org.selenium.objects.Product@2a3a3d95)</span>
                  <div class="stack-trace">java.lang.AssertionError: expected [Denim Blue Jeans] but found [Blue Shoes]
	at org.selenium.tests.AddToCartTest.addToCartFeaturedProducts(AddToCartTest.java:41)
	at java.base/java.util.concurrent.FutureTask.run(FutureTask.java:264)
	at java.base/java.util.concurrent.Executors$RunnableAdapter.call(Executors.java:515)
	at java.base/java.util.concurrent.FutureTask.run(FutureTask.java:264)
	at java.base/java.util.concurrent.ThreadPoolExecutor.runWorker(ThreadPoolExecutor.java:1128)
	at java.base/java.util.concurrent.ThreadPoolExecutor$Worker.run(ThreadPoolExecutor.java:628)
	at java.base/java.lang.Thread.run(Thread.java:834)
... Removed 15 stack frames
</div> <!-- stack-trace -->
                  <em>
(Be able to add product to cart)                  </em>
                </div> <!-- method-content -->
              </div> <!-- method -->
              <div class="method">
                <div class="method-content">
                  <a name="addToCartFeaturedProducts(org.selenium.objects.Product@1c9269de)">
                  </a> <!-- addToCartFeaturedProducts(org.selenium.objects.Product@1c9269de) -->
                  <span class="method-name">addToCartFeaturedProducts</span>
                  <span class="parameters">(org.selenium.objects.Product@1c9269de)</span>
                  <div class="stack-trace">java.lang.AssertionError: expected [Blue Tshirt] but found [Blue Shoes]
	at org.selenium.tests.AddToCartTest.addToCartFeaturedProducts(AddToCartTest.java:41)
	at java.base/java.util.concurrent.FutureTask.run(FutureTask.java:264)
	at java.base/java.util.concurrent.Executors$RunnableAdapter.call(Executors.java:515)
	at java.base/java.util.concurrent.FutureTask.run(FutureTask.java:264)
	at java.base/java.util.concurrent.ThreadPoolExecutor.runWorker(ThreadPoolExecutor.java:1128)
	at java.base/java.util.concurrent.ThreadPoolExecutor$Worker.run(ThreadPoolExecutor.java:628)
	at java.base/java.lang.Thread.run(Thread.java:834)
... Removed 15 stack frames
</div> <!-- stack-trace -->
                  <em>
(Be able to add product to cart)                  </em>
                </div> <!-- method-content -->
              </div> <!-- method -->
            </div> <!-- main-panel-content rounded-window-bottom -->
          </div> <!-- suite-Surefire_suite-class-failed -->
          <div class="suite-Surefire_suite-class-failed">
            <div class="main-panel-header rounded-window-top">
              <img src="failed.png"/>
              <span class="class-name">org.selenium.tests.CheckoutTest</span>
            </div> <!-- main-panel-header rounded-window-top -->
            <div class="main-panel-content rounded-window-bottom">
              <div class="method">
                <div class="method-content">
                  <a name="loginUsingDirectBankTransfer">
                  </a> <!-- loginUsingDirectBankTransfer -->
                  <span class="method-name">loginUsingDirectBankTransfer</span>
                  <div class="stack-trace">java.lang.RuntimeException: failed to register the account, HTTP Status code: 200
	at org.selenium.api.actions.SignUpApi.register(SignUpApi.java:76)
	at org.selenium.tests.CheckoutTest.loginUsingDirectBankTransfer(CheckoutTest.java:49)
	at java.base/java.util.ArrayList.forEach(ArrayList.java:1541)
... Removed 32 stack frames
</div> <!-- stack-trace -->
                </div> <!-- method-content -->
              </div> <!-- method -->
            </div> <!-- main-panel-content rounded-window-bottom -->
          </div> <!-- suite-Surefire_suite-class-failed -->
          <div class="suite-Surefire_suite-class-passed">
            <div class="main-panel-header rounded-window-top">
              <img src="passed.png"/>
              <span class="class-name">org.selenium.tests.AddToCartTest</span>
            </div> <!-- main-panel-header rounded-window-top -->
            <div class="main-panel-content rounded-window-bottom">
              <div class="method">
                <div class="method-content">
                  <a name="addToCartFeaturedProducts(org.selenium.objects.Product@72871518)">
                  </a> <!-- addToCartFeaturedProducts(org.selenium.objects.Product@72871518) -->
                  <span class="method-name">addToCartFeaturedProducts</span>
                  <span class="parameters">(org.selenium.objects.Product@72871518)</span>
                  <em>
(Be able to add product to cart)                  </em>
                </div> <!-- method-content -->
              </div> <!-- method -->
              <div class="method">
                <div class="method-content">
                  <a name="addToCartFromStorePage">
                  </a> <!-- addToCartFromStorePage -->
                  <span class="method-name">addToCartFromStorePage</span>
                  <em>
(Be able to add product to cart)                  </em>
                </div> <!-- method-content -->
              </div> <!-- method -->
            </div> <!-- main-panel-content rounded-window-bottom -->
          </div> <!-- suite-Surefire_suite-class-passed -->
          <div class="suite-Surefire_suite-class-passed">
            <div class="main-panel-header rounded-window-top">
              <img src="passed.png"/>
              <span class="class-name">org.selenium.tests.NavigationTest</span>
            </div> <!-- main-panel-header rounded-window-top -->
            <div class="main-panel-content rounded-window-bottom">
              <div class="method">
                <div class="method-content">
                  <a name="navigateFromHomeToStoreUsingMainMenu">
                  </a> <!-- navigateFromHomeToStoreUsingMainMenu -->
                  <span class="method-name">navigateFromHomeToStoreUsingMainMenu</span>
                  <em>
(Test that the user can search for product)                  </em>
                </div> <!-- method-content -->
              </div> <!-- method -->
            </div> <!-- main-panel-content rounded-window-bottom -->
          </div> <!-- suite-Surefire_suite-class-passed -->
          <div class="suite-Surefire_suite-class-passed">
            <div class="main-panel-header rounded-window-top">
              <img src="passed.png"/>
              <span class="class-name">org.selenium.tests.CheckoutTest</span>
            </div> <!-- main-panel-header rounded-window-top -->
            <div class="main-panel-content rounded-window-bottom">
              <div class="method">
                <div class="method-content">
                  <a name="checkoutUsingDirectBankTransfer">
                  </a> <!-- checkoutUsingDirectBankTransfer -->
                  <span class="method-name">checkoutUsingDirectBankTransfer</span>
                </div> <!-- method-content -->
              </div> <!-- method -->
            </div> <!-- main-panel-content rounded-window-bottom -->
          </div> <!-- suite-Surefire_suite-class-passed -->
          <div class="suite-Surefire_suite-class-passed">
            <div class="main-panel-header rounded-window-top">
              <img src="passed.png"/>
              <span class="class-name">org.selenium.tests.SearchTest</span>
            </div> <!-- main-panel-header rounded-window-top -->
            <div class="main-panel-content rounded-window-bottom">
              <div class="method">
                <div class="method-content">
                  <a name="searchWithPartialMatch">
                  </a> <!-- searchWithPartialMatch -->
                  <span class="method-name">searchWithPartialMatch</span>
                </div> <!-- method-content -->
              </div> <!-- method -->
            </div> <!-- main-panel-content rounded-window-bottom -->
          </div> <!-- suite-Surefire_suite-class-passed -->
        </div> <!-- panel Surefire_suite -->
        <div panel-name="test-xml-Surefire_suite" class="panel">
          <div class="main-panel-header rounded-window-top">
          </div> <!-- main-panel-header rounded-window-top -->
          <div class="main-panel-content rounded-window-bottom">
            <pre>
&lt;?xml version=&quot;1.0&quot; encoding=&quot;UTF-8&quot;?&gt;
&lt;!DOCTYPE suite SYSTEM &quot;https://testng.org/testng-1.0.dtd&quot;&gt;
&lt;suite thread-count=&quot;1&quot; name=&quot;Surefire suite&quot; verbose=&quot;0&quot;&gt;
  &lt;test thread-count=&quot;1&quot; name=&quot;Surefire test&quot; verbose=&quot;0&quot;&gt;
    &lt;classes&gt;
      &lt;class name=&quot;org.selenium.api.actions.DummyTest&quot;/&gt;
      &lt;class name=&quot;org.selenium.tests.AddToCartTest&quot;/&gt;
      &lt;class name=&quot;org.selenium.tests.CheckoutTest&quot;/&gt;
      &lt;class name=&quot;org.selenium.tests.LoginTest&quot;/&gt;
      &lt;class name=&quot;org.selenium.tests.NavigationTest&quot;/&gt;
      &lt;class name=&quot;org.selenium.tests.SearchTest&quot;/&gt;
    &lt;/classes&gt;
  &lt;/test&gt; &lt;!-- Surefire test --&gt;
&lt;/suite&gt; &lt;!-- Surefire suite --&gt;
            </pre>
          </div> <!-- main-panel-content rounded-window-bottom -->
        </div> <!-- panel -->
        <div panel-name="testlist-Surefire_suite" class="panel">
          <div class="main-panel-header rounded-window-top">
            <span class="header-content">Tests for Surefire suite</span>
          </div> <!-- main-panel-header rounded-window-top -->
          <div class="main-panel-content rounded-window-bottom">
            <ul>
              <li>
                <span class="test-name">Surefire test (6 classes)</span>
              </li>
            </ul>
          </div> <!-- main-panel-content rounded-window-bottom -->
        </div> <!-- panel -->
        <div panel-name="group-Surefire_suite" class="panel">
          <div class="main-panel-header rounded-window-top">
            <span class="header-content">Groups for Surefire suite</span>
          </div> <!-- main-panel-header rounded-window-top -->
          <div class="main-panel-content rounded-window-bottom">
          </div> <!-- main-panel-content rounded-window-bottom -->
        </div> <!-- panel -->
        <div panel-name="times-Surefire_suite" class="panel">
          <div class="main-panel-header rounded-window-top">
            <span class="header-content">Times for Surefire suite</span>
          </div> <!-- main-panel-header rounded-window-top -->
          <div class="main-panel-content rounded-window-bottom">
            <div class="times-div">
              <script type="text/javascript">
suiteTableInitFunctions.push('tableData_Surefire_suite');
function tableData_Surefire_suite() {
var data = new google.visualization.DataTable();
data.addColumn('number', 'Number');
data.addColumn('string', 'Method');
data.addColumn('string', 'Class');
data.addColumn('number', 'Time (ms)');
data.addRows(11);
data.setCell(0, 0, 0)
data.setCell(0, 1, 'loginDuringCheckout')
data.setCell(0, 2, 'org.selenium.tests.LoginTest')
data.setCell(0, 3, 117882);
data.setCell(1, 0, 1)
data.setCell(1, 1, 'checkoutUsingDirectBankTransfer')
data.setCell(1, 2, 'org.selenium.tests.CheckoutTest')
data.setCell(1, 3, 13167);
data.setCell(2, 0, 2)
data.setCell(2, 1, 'addToCartFeaturedProducts')
data.setCell(2, 2, 'org.selenium.tests.AddToCartTest')
data.setCell(2, 3, 9705);
data.setCell(3, 0, 3)
data.setCell(3, 1, 'addToCartFeaturedProducts')
data.setCell(3, 2, 'org.selenium.tests.AddToCartTest')
data.setCell(3, 3, 9656);
data.setCell(4, 0, 4)
data.setCell(4, 1, 'addToCartFeaturedProducts')
data.setCell(4, 2, 'org.selenium.tests.AddToCartTest')
data.setCell(4, 3, 9446);
data.setCell(5, 0, 5)
data.setCell(5, 1, 'addToCartFeaturedProducts')
data.setCell(5, 2, 'org.selenium.tests.AddToCartTest')
data.setCell(5, 3, 9391);
data.setCell(6, 0, 6)
data.setCell(6, 1, 'addToCartFeaturedProducts')
data.setCell(6, 2, 'org.selenium.tests.AddToCartTest')
data.setCell(6, 3, 8810);
data.setCell(7, 0, 7)
data.setCell(7, 1, 'addToCartFromStorePage')
data.setCell(7, 2, 'org.selenium.tests.AddToCartTest')
data.setCell(7, 3, 4665);
data.setCell(8, 0, 8)
data.setCell(8, 1, 'loginUsingDirectBankTransfer')
data.setCell(8, 2, 'org.selenium.tests.CheckoutTest')
data.setCell(8, 3, 3109);
data.setCell(9, 0, 9)
data.setCell(9, 1, 'navigateFromHomeToStoreUsingMainMenu')
data.setCell(9, 2, 'org.selenium.tests.NavigationTest')
data.setCell(9, 3, 2721);
data.setCell(10, 0, 10)
data.setCell(10, 1, 'searchWithPartialMatch')
data.setCell(10, 2, 'org.selenium.tests.SearchTest')
data.setCell(10, 3, 1895);
window.suiteTableData['Surefire_suite']= { tableData: data, tableDiv: 'times-div-Surefire_suite'}
return data;
}
              </script>
              <span class="suite-total-time">Total running time: 3 minutes</span>
              <div id="times-div-Surefire_suite">
              </div> <!-- times-div-Surefire_suite -->
            </div> <!-- times-div -->
          </div> <!-- main-panel-content rounded-window-bottom -->
        </div> <!-- panel -->
        <div panel-name="reporter-Surefire_suite" class="panel">
          <div class="main-panel-header rounded-window-top">
            <span class="header-content">Reporter output for Surefire suite</span>
          </div> <!-- main-panel-header rounded-window-top -->
          <div class="main-panel-content rounded-window-bottom">
          </div> <!-- main-panel-content rounded-window-bottom -->
        </div> <!-- panel -->
        <div panel-name="ignored-methods-Surefire_suite" class="panel">
          <div class="main-panel-header rounded-window-top">
            <span class="header-content">0 ignored methods</span>
          </div> <!-- main-panel-header rounded-window-top -->
          <div class="main-panel-content rounded-window-bottom">
          </div> <!-- main-panel-content rounded-window-bottom -->
        </div> <!-- panel -->
        <div panel-name="chronological-Surefire_suite" class="panel">
          <div class="main-panel-header rounded-window-top">
            <span class="header-content">Methods in chronological order</span>
          </div> <!-- main-panel-header rounded-window-top -->
          <div class="main-panel-content rounded-window-bottom">
            <div class="chronological-class">
              <div class="chronological-class-name">org.selenium.tests.AddToCartTest</div> <!-- chronological-class-name -->
              <div class="configuration-method before">
                <span class="method-name">startDriver(null)</span>
                <span class="method-start">0 ms</span>
              </div> <!-- configuration-method before -->
              <div class="configuration-method before">
                <span class="method-name">startDriver(null)</span>
                <span class="method-start">0 ms</span>
              </div> <!-- configuration-method before -->
              <div class="configuration-method before">
                <span class="method-name">startDriver(null)</span>
                <span class="method-start">0 ms</span>
              </div> <!-- configuration-method before -->
              <div class="configuration-method before">
                <span class="method-name">startDriver(null)</span>
                <span class="method-start">0 ms</span>
              </div> <!-- configuration-method before -->
              <div class="configuration-method before">
                <span class="method-name">startDriver(null)</span>
                <span class="method-start">0 ms</span>
              </div> <!-- configuration-method before -->
              <div class="test-method">
                <img src="failed.png">
                </img>
                <span class="method-name">addToCartFeaturedProducts(org.selenium.objects.Product@2366dbaf)</span>
                <span class="method-start">10905 ms</span>
              </div> <!-- test-method -->
              <div class="test-method">
                <img src="failed.png">
                </img>
                <span class="method-name">addToCartFeaturedProducts(org.selenium.objects.Product@48ae370c)</span>
                <span class="method-start">10905 ms</span>
              </div> <!-- test-method -->
              <div class="test-method">
                <img src="failed.png">
                </img>
                <span class="method-name">addToCartFeaturedProducts(org.selenium.objects.Product@1c9269de)</span>
                <span class="method-start">10905 ms</span>
              </div> <!-- test-method -->
              <div class="test-method">
                <span class="method-name">addToCartFeaturedProducts(org.selenium.objects.Product@72871518)</span>
                <span class="method-start">10912 ms</span>
              </div> <!-- test-method -->
              <div class="test-method">
                <img src="failed.png">
                </img>
                <span class="method-name">addToCartFeaturedProducts(org.selenium.objects.Product@2a3a3d95)</span>
                <span class="method-start">10958 ms</span>
              </div> <!-- test-method -->
              <div class="configuration-method after">
                <span class="method-name">quitDriver([TestResult name=addToCartFeaturedProducts status=FAILURE method=AddToCartTest.addToCartFeaturedProd...)</span>
                <span class="method-start">19798 ms</span>
              </div> <!-- configuration-method after -->
              <div class="configuration-method after">
                <span class="method-name">quitDriver([TestResult name=addToCartFeaturedProducts status=FAILURE method=AddToCartTest.addToCartFeaturedProd...)</span>
                <span class="method-start">20302 ms</span>
              </div> <!-- configuration-method after -->
              <div class="configuration-method after">
                <span class="method-name">quitDriver([TestResult name=addToCartFeaturedProducts status=SUCCESS method=AddToCartTest.addToCartFeaturedProd...)</span>
                <span class="method-start">20364 ms</span>
              </div> <!-- configuration-method after -->
              <div class="configuration-method after">
                <span class="method-name">quitDriver([TestResult name=addToCartFeaturedProducts status=FAILURE method=AddToCartTest.addToCartFeaturedProd...)</span>
                <span class="method-start">20564 ms</span>
              </div> <!-- configuration-method after -->
              <div class="configuration-method after">
                <span class="method-name">quitDriver([TestResult name=addToCartFeaturedProducts status=FAILURE method=AddToCartTest.addToCartFeaturedProd...)</span>
                <span class="method-start">20666 ms</span>
              </div> <!-- configuration-method after -->
              <div class="configuration-method before">
                <span class="method-name">startDriver(null)</span>
                <span class="method-start">27080 ms</span>
              </div> <!-- configuration-method before -->
              <div class="test-method">
                <span class="method-name">addToCartFromStorePage</span>
                <span class="method-start">29630 ms</span>
              </div> <!-- test-method -->
              <div class="configuration-method after">
                <span class="method-name">quitDriver([TestResult name=addToCartFromStorePage status=SUCCESS method=AddToCartTest.addToCartFromStorePage()...)</span>
                <span class="method-start">34300 ms</span>
              </div> <!-- configuration-method after -->
            </div> <!-- chronological-class -->
            <div class="chronological-class">
              <div class="chronological-class-name">org.selenium.tests.CheckoutTest</div> <!-- chronological-class-name -->
              <div class="configuration-method before">
                <span class="method-name">startDriver(null)</span>
                <span class="method-start">39985 ms</span>
              </div> <!-- configuration-method before -->
              <div class="test-method">
                <span class="method-name">checkoutUsingDirectBankTransfer</span>
                <span class="method-start">41284 ms</span>
              </div> <!-- test-method -->
              <div class="configuration-method after">
                <span class="method-name">quitDriver([TestResult name=checkoutUsingDirectBankTransfer status=SUCCESS method=CheckoutTest.checkoutUsingDir...)</span>
                <span class="method-start">54453 ms</span>
              </div> <!-- configuration-method after -->
              <div class="configuration-method before">
                <span class="method-name">startDriver(null)</span>
                <span class="method-start">60150 ms</span>
              </div> <!-- configuration-method before -->
              <div class="test-method">
                <img src="failed.png">
                </img>
                <span class="method-name">loginUsingDirectBankTransfer</span>
                <span class="method-start">61790 ms</span>
              </div> <!-- test-method -->
              <div class="configuration-method after">
                <span class="method-name">quitDriver([TestResult name=loginUsingDirectBankTransfer status=FAILURE method=CheckoutTest.loginUsingDirectBan...)</span>
                <span class="method-start">64903 ms</span>
              </div> <!-- configuration-method after -->
            </div> <!-- chronological-class -->
            <div class="chronological-class">
              <div class="chronological-class-name">org.selenium.tests.LoginTest</div> <!-- chronological-class-name -->
              <div class="configuration-method before">
                <span class="method-name">startDriver(null)</span>
                <span class="method-start">70747 ms</span>
              </div> <!-- configuration-method before -->
              <div class="test-method">
                <img src="failed.png">
                </img>
                <span class="method-name">loginDuringCheckout</span>
                <span class="method-start">72562 ms</span>
              </div> <!-- test-method -->
              <div class="configuration-method after">
                <span class="method-name">quitDriver([TestResult name=loginDuringCheckout status=FAILURE method=LoginTest.loginDuringCheckout()[pri:0, in...)</span>
                <span class="method-start">190446 ms</span>
              </div> <!-- configuration-method after -->
            </div> <!-- chronological-class -->
            <div class="chronological-class">
              <div class="chronological-class-name">org.selenium.tests.NavigationTest</div> <!-- chronological-class-name -->
              <div class="configuration-method before">
                <span class="method-name">startDriver(null)</span>
                <span class="method-start">196352 ms</span>
              </div> <!-- configuration-method before -->
              <div class="test-method">
                <span class="method-name">navigateFromHomeToStoreUsingMainMenu</span>
                <span class="method-start">197432 ms</span>
              </div> <!-- test-method -->
              <div class="configuration-method after">
                <span class="method-name">quitDriver([TestResult name=navigateFromHomeToStoreUsingMainMenu status=SUCCESS method=NavigationTest.navigateF...)</span>
                <span class="method-start">200155 ms</span>
              </div> <!-- configuration-method after -->
            </div> <!-- chronological-class -->
            <div class="chronological-class">
              <div class="chronological-class-name">org.selenium.tests.SearchTest</div> <!-- chronological-class-name -->
              <div class="configuration-method before">
                <span class="method-name">startDriver(null)</span>
                <span class="method-start">205807 ms</span>
              </div> <!-- configuration-method before -->
              <div class="test-method">
                <span class="method-name">searchWithPartialMatch</span>
                <span class="method-start">207390 ms</span>
              </div> <!-- test-method -->
              <div class="configuration-method after">
                <span class="method-name">quitDriver([TestResult name=searchWithPartialMatch status=SUCCESS method=SearchTest.searchWithPartialMatch()[pr...)</span>
                <span class="method-start">209286 ms</span>
              </div> <!-- configuration-method after -->
          </div> <!-- main-panel-content rounded-window-bottom -->
        </div> <!-- panel -->
      </div> <!-- main-panel-root -->
    </div> <!-- wrapper -->
  </body>
<script type="text/javascript" src="testng-reports2.js"></script>
</html>
