<?xml version="1.0" encoding="UTF-8"?>
<testng-results ignored="0" total="11" passed="5" failed="6" skipped="0">
  <reporter-output>
  </reporter-output>
  <suite started-at="2023-06-11T12:25:18 EAT" name="Surefire suite" finished-at="2023-06-11T12:28:54 EAT" duration-ms="215503">
    <groups>
    </groups>
    <test started-at="2023-06-11T12:25:18 EAT" name="Surefire test" finished-at="2023-06-11T12:28:54 EAT" duration-ms="215503">
      <class name="org.selenium.tests.NavigationTest">
        <test-method is-config="true" signature="startDriver(java.lang.String)[pri:0, instance:org.selenium.tests.NavigationTest@1eff3cfb]" started-at="2023-06-11T12:28:35 EAT" name="startDriver" finished-at="2023-06-11T12:28:36 EAT" duration-ms="1078" status="PASS">
          <params>
            <param index="0">
              <value is-null="true"/>
            </param>
          </params>
          <reporter-output>
          </reporter-output>
        </test-method> <!-- startDriver -->
        <test-method signature="navigateFromHomeToStoreUsingMainMenu()[pri:0, instance:org.selenium.tests.NavigationTest@1eff3cfb]" started-at="2023-06-11T12:28:36 EAT" name="navigateFromHomeToStoreUsingMainMenu" description="Test that the user can search for product" finished-at="2023-06-11T12:28:38 EAT" duration-ms="2721" status="PASS">
          <reporter-output>
          </reporter-output>
        </test-method> <!-- navigateFromHomeToStoreUsingMainMenu -->
        <test-method is-config="true" signature="quitDriver(org.testng.ITestResult,java.lang.String)[pri:0, instance:org.selenium.tests.NavigationTest@1eff3cfb]" started-at="2023-06-11T12:28:38 EAT" name="quitDriver" finished-at="2023-06-11T12:28:44 EAT" duration-ms="5650" status="PASS">
          <params>
            <param index="0">
              <value>
                <![CDATA[[TestResult name=navigateFromHomeToStoreUsingMainMenu status=SUCCESS method=NavigationTest.navigateFromHomeToStoreUsingMainMenu()[pri:0, instance:org.selenium.tests.NavigationTest@1eff3cfb] output={null}]]]>
              </value>
            </param>
            <param index="1">
              <value is-null="true"/>
            </param>
          </params>
          <reporter-output>
          </reporter-output>
        </test-method> <!-- quitDriver -->
      </class> <!-- org.selenium.tests.NavigationTest -->
      <class name="org.selenium.tests.CheckoutTest">
        <test-method is-config="true" signature="startDriver(java.lang.String)[pri:0, instance:org.selenium.tests.CheckoutTest@5731d3a]" started-at="2023-06-11T12:25:58 EAT" name="startDriver" finished-at="2023-06-11T12:26:00 EAT" duration-ms="1296" status="PASS">
          <params>
            <param index="0">
              <value is-null="true"/>
            </param>
          </params>
          <reporter-output>
          </reporter-output>
        </test-method> <!-- startDriver -->
        <test-method signature="checkoutUsingDirectBankTransfer()[pri:0, instance:org.selenium.tests.CheckoutTest@5731d3a]" started-at="2023-06-11T12:26:00 EAT" name="checkoutUsingDirectBankTransfer" finished-at="2023-06-11T12:26:13 EAT" duration-ms="13167" status="PASS">
          <reporter-output>
          </reporter-output>
        </test-method> <!-- checkoutUsingDirectBankTransfer -->
        <test-method is-config="true" signature="quitDriver(org.testng.ITestResult,java.lang.String)[pri:0, instance:org.selenium.tests.CheckoutTest@5731d3a]" started-at="2023-06-11T12:26:13 EAT" name="quitDriver" finished-at="2023-06-11T12:26:18 EAT" duration-ms="5692" status="PASS">
          <params>
            <param index="0">
              <value>
                <![CDATA[[TestResult name=checkoutUsingDirectBankTransfer status=SUCCESS method=CheckoutTest.checkoutUsingDirectBankTransfer()[pri:0, instance:org.selenium.tests.CheckoutTest@5731d3a] output={null}]]]>
              </value>
            </param>
            <param index="1">
              <value is-null="true"/>
            </param>
          </params>
          <reporter-output>
          </reporter-output>
        </test-method> <!-- quitDriver -->
        <test-method is-config="true" signature="startDriver(java.lang.String)[pri:0, instance:org.selenium.tests.CheckoutTest@5731d3a]" started-at="2023-06-11T12:26:18 EAT" name="startDriver" finished-at="2023-06-11T12:26:20 EAT" duration-ms="1638" status="PASS">
          <params>
            <param index="0">
              <value is-null="true"/>
            </param>
          </params>
          <reporter-output>
          </reporter-output>
        </test-method> <!-- startDriver -->
        <test-method signature="loginUsingDirectBankTransfer()[pri:0, instance:org.selenium.tests.CheckoutTest@5731d3a]" started-at="2023-06-11T12:26:20 EAT" name="loginUsingDirectBankTransfer" finished-at="2023-06-11T12:26:23 EAT" duration-ms="3109" status="FAIL">
          <exception class="java.lang.RuntimeException">
            <message>
              <![CDATA[failed to register the account, HTTP Status code: 200]]>
            </message>
            <full-stacktrace>
              <![CDATA[java.lang.RuntimeException: failed to register the account, HTTP Status code: 200
at org.selenium.api.actions.SignUpApi.register(SignUpApi.java:76)
at org.selenium.tests.CheckoutTest.loginUsingDirectBankTransfer(CheckoutTest.java:49)
at java.base/jdk.internal.reflect.NativeMethodAccessorImpl.invoke0(Native Method)
at java.base/jdk.internal.reflect.NativeMethodAccessorImpl.invoke(NativeMethodAccessorImpl.java:62)
at java.base/jdk.internal.reflect.DelegatingMethodAccessorImpl.invoke(DelegatingMethodAccessorImpl.java:43)
at java.base/java.lang.reflect.Method.invoke(Method.java:566)
at org.testng.internal.invokers.MethodInvocationHelper.invokeMethod(MethodInvocationHelper.java:139)
at org.testng.internal.invokers.TestInvoker.invokeMethod(TestInvoker.java:677)
at org.testng.internal.invokers.TestInvoker.invokeTestMethod(TestInvoker.java:221)
at org.testng.internal.invokers.MethodRunner.runInSequence(MethodRunner.java:50)
at org.testng.internal.invokers.TestInvoker$MethodInvocationAgent.invoke(TestInvoker.java:969)
at org.testng.internal.invokers.TestInvoker.invokeTestMethods(TestInvoker.java:194)
at org.testng.internal.invokers.TestMethodWorker.invokeTestMethods(TestMethodWorker.java:148)
at org.testng.internal.invokers.TestMethodWorker.run(TestMethodWorker.java:128)
at java.base/java.util.ArrayList.forEach(ArrayList.java:1541)
at org.testng.TestRunner.privateRun(TestRunner.java:829)
at org.testng.TestRunner.run(TestRunner.java:602)
at org.testng.SuiteRunner.runTest(SuiteRunner.java:437)
at org.testng.SuiteRunner.runSequentially(SuiteRunner.java:431)
at org.testng.SuiteRunner.privateRun(SuiteRunner.java:391)
at org.testng.SuiteRunner.run(SuiteRunner.java:330)
at org.testng.SuiteRunnerWorker.runSuite(SuiteRunnerWorker.java:52)
at org.testng.SuiteRunnerWorker.run(SuiteRunnerWorker.java:95)
at org.testng.TestNG.runSuitesSequentially(TestNG.java:1256)
at org.testng.TestNG.runSuitesLocally(TestNG.java:1176)
at org.testng.TestNG.runSuites(TestNG.java:1099)
at org.testng.TestNG.run(TestNG.java:1067)
at org.apache.maven.surefire.testng.TestNGExecutor.run(TestNGExecutor.java:136)
at org.apache.maven.surefire.testng.TestNGDirectoryTestSuite.executeMulti(TestNGDirectoryTestSuite.java:193)
at org.apache.maven.surefire.testng.TestNGDirectoryTestSuite.execute(TestNGDirectoryTestSuite.java:94)
at org.apache.maven.surefire.testng.TestNGProvider.invoke(TestNGProvider.java:145)
at org.apache.maven.surefire.booter.ForkedBooter.runSuitesInProcess(ForkedBooter.java:428)
at org.apache.maven.surefire.booter.ForkedBooter.execute(ForkedBooter.java:162)
at org.apache.maven.surefire.booter.ForkedBooter.run(ForkedBooter.java:562)
at org.apache.maven.surefire.booter.ForkedBooter.main(ForkedBooter.java:548)
]]>
            </full-stacktrace>
          </exception> <!-- java.lang.RuntimeException -->
          <reporter-output>
          </reporter-output>
        </test-method> <!-- loginUsingDirectBankTransfer -->
        <test-method is-config="true" signature="quitDriver(org.testng.ITestResult,java.lang.String)[pri:0, instance:org.selenium.tests.CheckoutTest@5731d3a]" started-at="2023-06-11T12:26:23 EAT" name="quitDriver" finished-at="2023-06-11T12:26:29 EAT" duration-ms="5842" status="PASS">
          <params>
            <param index="0">
              <value>
                <![CDATA[[TestResult name=loginUsingDirectBankTransfer status=FAILURE method=CheckoutTest.loginUsingDirectBankTransfer()[pri:0, instance:org.selenium.tests.CheckoutTest@5731d3a] output={null}]]]>
              </value>
            </param>
            <param index="1">
              <value is-null="true"/>
            </param>
          </params>
          <reporter-output>
          </reporter-output>
        </test-method> <!-- quitDriver -->
      </class> <!-- org.selenium.tests.CheckoutTest -->
      <class name="org.selenium.tests.LoginTest">
        <test-method is-config="true" signature="startDriver(java.lang.String)[pri:0, instance:org.selenium.tests.LoginTest@6a0f2853]" started-at="2023-06-11T12:26:29 EAT" name="startDriver" finished-at="2023-06-11T12:26:31 EAT" duration-ms="1811" status="PASS">
          <params>
            <param index="0">
              <value is-null="true"/>
            </param>
          </params>
          <reporter-output>
          </reporter-output>
        </test-method> <!-- startDriver -->
        <test-method signature="loginDuringCheckout()[pri:0, instance:org.selenium.tests.LoginTest@6a0f2853]" started-at="2023-06-11T12:26:31 EAT" name="loginDuringCheckout" description="Test that the user can login" finished-at="2023-06-11T12:28:29 EAT" duration-ms="117882" status="FAIL">
          <exception class="org.openqa.selenium.TimeoutException">
            <message>
              <![CDATA[Expected condition failed: waiting for element to be clickable: By.cssSelector: .showlogin (tried for 100 second(s) with 500 milliseconds interval)
Build info: version: '4.8.1', revision: '8ebccac989'
System info: os.name: 'Windows 10', os.arch: 'amd64', os.version: '10.0', java.version: '11.0.13'
Driver info: org.openqa.selenium.chrome.ChromeDriver
Capabilities {acceptInsecureCerts: false, browserName: chrome, browserVersion: 114.0.5735.110, chrome: {chromedriverVersion: 114.0.5735.90 (386bc09e8f4f..., userDataDir: C:\Users\hp\AppData\Local\T...}, goog:chromeOptions: {debuggerAddress: localhost:61183}, networkConnectionEnabled: false, pageLoadStrategy: normal, platformName: WINDOWS, proxy: Proxy(), se:cdp: ws://localhost:61183/devtoo..., se:cdpVersion: 114.0.5735.110, setWindowRect: true, strictFileInteractability: false, timeouts: {implicit: 0, pageLoad: 300000, script: 30000}, unhandledPromptBehavior: dismiss and notify, webauthn:extension:credBlob: true, webauthn:extension:largeBlob: true, webauthn:extension:minPinLength: true, webauthn:extension:prf: true, webauthn:virtualAuthenticators: true}
Session ID: b8340b3c1078e927235457cb553372ad]]>
            </message>
            <full-stacktrace>
              <![CDATA[org.openqa.selenium.TimeoutException: Expected condition failed: waiting for element to be clickable: By.cssSelector: .showlogin (tried for 100 second(s) with 500 milliseconds interval)
Build info: version: '4.8.1', revision: '8ebccac989'
System info: os.name: 'Windows 10', os.arch: 'amd64', os.version: '10.0', java.version: '11.0.13'
Driver info: org.openqa.selenium.chrome.ChromeDriver
Capabilities {acceptInsecureCerts: false, browserName: chrome, browserVersion: 114.0.5735.110, chrome: {chromedriverVersion: 114.0.5735.90 (386bc09e8f4f..., userDataDir: C:\Users\hp\AppData\Local\T...}, goog:chromeOptions: {debuggerAddress: localhost:61183}, networkConnectionEnabled: false, pageLoadStrategy: normal, platformName: WINDOWS, proxy: Proxy(), se:cdp: ws://localhost:61183/devtoo..., se:cdpVersion: 114.0.5735.110, setWindowRect: true, strictFileInteractability: false, timeouts: {implicit: 0, pageLoad: 300000, script: 30000}, unhandledPromptBehavior: dismiss and notify, webauthn:extension:credBlob: true, webauthn:extension:largeBlob: true, webauthn:extension:minPinLength: true, webauthn:extension:prf: true, webauthn:virtualAuthenticators: true}
Session ID: b8340b3c1078e927235457cb553372ad
at org.openqa.selenium.support.ui.WebDriverWait.timeoutException(WebDriverWait.java:87)
at org.openqa.selenium.support.ui.FluentWait.until(FluentWait.java:231)
at org.selenium.base.BasePageObject.waitForElementToBeClickable(BasePageObject.java:44)
at org.selenium.pageObjects.CheckoutPage.showLogin(CheckoutPage.java:43)
at org.selenium.tests.LoginTest.loginDuringCheckout(LoginTest.java:46)
at java.base/jdk.internal.reflect.NativeMethodAccessorImpl.invoke0(Native Method)
at java.base/jdk.internal.reflect.NativeMethodAccessorImpl.invoke(NativeMethodAccessorImpl.java:62)
at java.base/jdk.internal.reflect.DelegatingMethodAccessorImpl.invoke(DelegatingMethodAccessorImpl.java:43)
at java.base/java.lang.reflect.Method.invoke(Method.java:566)
at org.testng.internal.invokers.MethodInvocationHelper.invokeMethod(MethodInvocationHelper.java:139)
at org.testng.internal.invokers.TestInvoker.invokeMethod(TestInvoker.java:677)
at org.testng.internal.invokers.TestInvoker.invokeTestMethod(TestInvoker.java:221)
at org.testng.internal.invokers.MethodRunner.runInSequence(MethodRunner.java:50)
at org.testng.internal.invokers.TestInvoker$MethodInvocationAgent.invoke(TestInvoker.java:969)
at org.testng.internal.invokers.TestInvoker.invokeTestMethods(TestInvoker.java:194)
at org.testng.internal.invokers.TestMethodWorker.invokeTestMethods(TestMethodWorker.java:148)
at org.testng.internal.invokers.TestMethodWorker.run(TestMethodWorker.java:128)
at java.base/java.util.ArrayList.forEach(ArrayList.java:1541)
at org.testng.TestRunner.privateRun(TestRunner.java:829)
at org.testng.TestRunner.run(TestRunner.java:602)
at org.testng.SuiteRunner.runTest(SuiteRunner.java:437)
at org.testng.SuiteRunner.runSequentially(SuiteRunner.java:431)
at org.testng.SuiteRunner.privateRun(SuiteRunner.java:391)
at org.testng.SuiteRunner.run(SuiteRunner.java:330)
at org.testng.SuiteRunnerWorker.runSuite(SuiteRunnerWorker.java:52)
at org.testng.SuiteRunnerWorker.run(SuiteRunnerWorker.java:95)
at org.testng.TestNG.runSuitesSequentially(TestNG.java:1256)
at org.testng.TestNG.runSuitesLocally(TestNG.java:1176)
at org.testng.TestNG.runSuites(TestNG.java:1099)
at org.testng.TestNG.run(TestNG.java:1067)
at org.apache.maven.surefire.testng.TestNGExecutor.run(TestNGExecutor.java:136)
at org.apache.maven.surefire.testng.TestNGDirectoryTestSuite.executeMulti(TestNGDirectoryTestSuite.java:193)
at org.apache.maven.surefire.testng.TestNGDirectoryTestSuite.execute(TestNGDirectoryTestSuite.java:94)
at org.apache.maven.surefire.testng.TestNGProvider.invoke(TestNGProvider.java:145)
at org.apache.maven.surefire.booter.ForkedBooter.runSuitesInProcess(ForkedBooter.java:428)
at org.apache.maven.surefire.booter.ForkedBooter.execute(ForkedBooter.java:162)
at org.apache.maven.surefire.booter.ForkedBooter.run(ForkedBooter.java:562)
at org.apache.maven.surefire.booter.ForkedBooter.main(ForkedBooter.java:548)
]]>
            </full-stacktrace>
          </exception> <!-- org.openqa.selenium.TimeoutException -->
          <reporter-output>
          </reporter-output>
        </test-method> <!-- loginDuringCheckout -->
        <test-method is-config="true" signature="quitDriver(org.testng.ITestResult,java.lang.String)[pri:0, instance:org.selenium.tests.LoginTest@6a0f2853]" started-at="2023-06-11T12:28:29 EAT" name="quitDriver" finished-at="2023-06-11T12:28:35 EAT" duration-ms="5898" status="PASS">
          <params>
            <param index="0">
              <value>
                <![CDATA[[TestResult name=loginDuringCheckout status=FAILURE method=LoginTest.loginDuringCheckout()[pri:0, instance:org.selenium.tests.LoginTest@6a0f2853] output={null}]]]>
              </value>
            </param>
            <param index="1">
              <value is-null="true"/>
            </param>
          </params>
          <reporter-output>
          </reporter-output>
        </test-method> <!-- quitDriver -->
      </class> <!-- org.selenium.tests.LoginTest -->
      <class name="org.selenium.tests.SearchTest">
        <test-method is-config="true" signature="startDriver(java.lang.String)[pri:0, instance:org.selenium.tests.SearchTest@70c69586]" started-at="2023-06-11T12:28:44 EAT" name="startDriver" finished-at="2023-06-11T12:28:46 EAT" duration-ms="1581" status="PASS">
          <params>
            <param index="0">
              <value is-null="true"/>
            </param>
          </params>
          <reporter-output>
          </reporter-output>
        </test-method> <!-- startDriver -->
        <test-method signature="searchWithPartialMatch()[pri:0, instance:org.selenium.tests.SearchTest@70c69586]" started-at="2023-06-11T12:28:46 EAT" name="searchWithPartialMatch" finished-at="2023-06-11T12:28:48 EAT" duration-ms="1895" status="PASS">
          <reporter-output>
          </reporter-output>
        </test-method> <!-- searchWithPartialMatch -->
        <test-method is-config="true" signature="quitDriver(org.testng.ITestResult,java.lang.String)[pri:0, instance:org.selenium.tests.SearchTest@70c69586]" started-at="2023-06-11T12:28:48 EAT" name="quitDriver" finished-at="2023-06-11T12:28:54 EAT" duration-ms="6004" status="PASS">
          <params>
            <param index="0">
              <value>
                <![CDATA[[TestResult name=searchWithPartialMatch status=SUCCESS method=SearchTest.searchWithPartialMatch()[pri:0, instance:org.selenium.tests.SearchTest@70c69586] output={null}]]]>
              </value>
            </param>
            <param index="1">
              <value is-null="true"/>
            </param>
          </params>
          <reporter-output>
          </reporter-output>
        </test-method> <!-- quitDriver -->
      </class> <!-- org.selenium.tests.SearchTest -->
      <class name="org.selenium.tests.AddToCartTest">
        <test-method is-config="true" signature="startDriver(java.lang.String)[pri:0, instance:org.selenium.tests.AddToCartTest@7a231dfd]" started-at="2023-06-11T12:25:18 EAT" name="startDriver" finished-at="2023-06-11T12:25:29 EAT" duration-ms="10636" status="PASS">
          <params>
            <param index="0">
              <value is-null="true"/>
            </param>
          </params>
          <reporter-output>
          </reporter-output>
        </test-method> <!-- startDriver -->
        <test-method is-config="true" signature="startDriver(java.lang.String)[pri:0, instance:org.selenium.tests.AddToCartTest@7a231dfd]" started-at="2023-06-11T12:25:18 EAT" name="startDriver" finished-at="2023-06-11T12:25:29 EAT" duration-ms="10611" status="PASS">
          <params>
            <param index="0">
              <value is-null="true"/>
            </param>
          </params>
          <reporter-output>
          </reporter-output>
        </test-method> <!-- startDriver -->
        <test-method is-config="true" signature="startDriver(java.lang.String)[pri:0, instance:org.selenium.tests.AddToCartTest@7a231dfd]" started-at="2023-06-11T12:25:18 EAT" name="startDriver" finished-at="2023-06-11T12:25:29 EAT" duration-ms="10638" status="PASS">
          <params>
            <param index="0">
              <value is-null="true"/>
            </param>
          </params>
          <reporter-output>
          </reporter-output>
        </test-method> <!-- startDriver -->
        <test-method is-config="true" signature="startDriver(java.lang.String)[pri:0, instance:org.selenium.tests.AddToCartTest@7a231dfd]" started-at="2023-06-11T12:25:18 EAT" name="startDriver" finished-at="2023-06-11T12:25:29 EAT" duration-ms="10725" status="PASS">
          <params>
            <param index="0">
              <value is-null="true"/>
            </param>
          </params>
          <reporter-output>
          </reporter-output>
        </test-method> <!-- startDriver -->
        <test-method is-config="true" signature="startDriver(java.lang.String)[pri:0, instance:org.selenium.tests.AddToCartTest@7a231dfd]" started-at="2023-06-11T12:25:18 EAT" name="startDriver" finished-at="2023-06-11T12:25:29 EAT" duration-ms="10638" status="PASS">
          <params>
            <param index="0">
              <value is-null="true"/>
            </param>
          </params>
          <reporter-output>
          </reporter-output>
        </test-method> <!-- startDriver -->
        <test-method signature="addToCartFeaturedProducts(org.selenium.objects.Product)[pri:0, instance:org.selenium.tests.AddToCartTest@7a231dfd]" started-at="2023-06-11T12:25:29 EAT" name="addToCartFeaturedProducts" description="Be able to add product to cart" data-provider="featuredProducts" finished-at="2023-06-11T12:25:38 EAT" duration-ms="8810" status="FAIL">
          <params>
            <param index="0">
              <value>
                <![CDATA[org.selenium.objects.Product@2366dbaf]]>
              </value>
            </param>
          </params>
          <exception class="java.lang.AssertionError">
            <message>
              <![CDATA[expected [Anchor Bracelet] but found [Blue Shoes]]]>
            </message>
            <full-stacktrace>
              <![CDATA[java.lang.AssertionError: expected [Anchor Bracelet] but found [Blue Shoes]
at org.testng.Assert.fail(Assert.java:110)
at org.testng.Assert.failNotEquals(Assert.java:1577)
at org.testng.Assert.assertEqualsImpl(Assert.java:149)
at org.testng.Assert.assertEquals(Assert.java:131)
at org.testng.Assert.assertEquals(Assert.java:655)
at org.testng.Assert.assertEquals(Assert.java:665)
at org.selenium.tests.AddToCartTest.addToCartFeaturedProducts(AddToCartTest.java:41)
at java.base/jdk.internal.reflect.NativeMethodAccessorImpl.invoke0(Native Method)
at java.base/jdk.internal.reflect.NativeMethodAccessorImpl.invoke(NativeMethodAccessorImpl.java:62)
at java.base/jdk.internal.reflect.DelegatingMethodAccessorImpl.invoke(DelegatingMethodAccessorImpl.java:43)
at java.base/java.lang.reflect.Method.invoke(Method.java:566)
at org.testng.internal.invokers.MethodInvocationHelper.invokeMethod(MethodInvocationHelper.java:139)
at org.testng.internal.invokers.TestInvoker.invokeMethod(TestInvoker.java:677)
at org.testng.internal.invokers.TestInvoker.invokeTestMethod(TestInvoker.java:221)
at org.testng.internal.invokers.TestMethodWithDataProviderMethodWorker.call(TestMethodWithDataProviderMethodWorker.java:80)
at org.testng.internal.invokers.TestMethodWithDataProviderMethodWorker.call(TestMethodWithDataProviderMethodWorker.java:17)
at java.base/java.util.concurrent.FutureTask.run(FutureTask.java:264)
at java.base/java.util.concurrent.Executors$RunnableAdapter.call(Executors.java:515)
at java.base/java.util.concurrent.FutureTask.run(FutureTask.java:264)
at java.base/java.util.concurrent.ThreadPoolExecutor.runWorker(ThreadPoolExecutor.java:1128)
at java.base/java.util.concurrent.ThreadPoolExecutor$Worker.run(ThreadPoolExecutor.java:628)
at java.base/java.lang.Thread.run(Thread.java:834)
]]>
            </full-stacktrace>
          </exception> <!-- java.lang.AssertionError -->
          <reporter-output>
          </reporter-output>
        </test-method> <!-- addToCartFeaturedProducts -->
        <test-method signature="addToCartFeaturedProducts(org.selenium.objects.Product)[pri:0, instance:org.selenium.tests.AddToCartTest@7a231dfd]" started-at="2023-06-11T12:25:29 EAT" name="addToCartFeaturedProducts" description="Be able to add product to cart" data-provider="featuredProducts" finished-at="2023-06-11T12:25:39 EAT" duration-ms="9391" status="FAIL">
          <params>
            <param index="0">
              <value>
                <![CDATA[org.selenium.objects.Product@48ae370c]]>
              </value>
            </param>
          </params>
          <exception class="java.lang.AssertionError">
            <message>
              <![CDATA[expected [Basic Blue Jeans] but found [Blue Shoes]]]>
            </message>
            <full-stacktrace>
              <![CDATA[java.lang.AssertionError: expected [Basic Blue Jeans] but found [Blue Shoes]
at org.testng.Assert.fail(Assert.java:110)
at org.testng.Assert.failNotEquals(Assert.java:1577)
at org.testng.Assert.assertEqualsImpl(Assert.java:149)
at org.testng.Assert.assertEquals(Assert.java:131)
at org.testng.Assert.assertEquals(Assert.java:655)
at org.testng.Assert.assertEquals(Assert.java:665)
at org.selenium.tests.AddToCartTest.addToCartFeaturedProducts(AddToCartTest.java:41)
at java.base/jdk.internal.reflect.NativeMethodAccessorImpl.invoke0(Native Method)
at java.base/jdk.internal.reflect.NativeMethodAccessorImpl.invoke(NativeMethodAccessorImpl.java:62)
at java.base/jdk.internal.reflect.DelegatingMethodAccessorImpl.invoke(DelegatingMethodAccessorImpl.java:43)
at java.base/java.lang.reflect.Method.invoke(Method.java:566)
at org.testng.internal.invokers.MethodInvocationHelper.invokeMethod(MethodInvocationHelper.java:139)
at org.testng.internal.invokers.TestInvoker.invokeMethod(TestInvoker.java:677)
at org.testng.internal.invokers.TestInvoker.invokeTestMethod(TestInvoker.java:221)
at org.testng.internal.invokers.TestMethodWithDataProviderMethodWorker.call(TestMethodWithDataProviderMethodWorker.java:80)
at org.testng.internal.invokers.TestMethodWithDataProviderMethodWorker.call(TestMethodWithDataProviderMethodWorker.java:17)
at java.base/java.util.concurrent.FutureTask.run(FutureTask.java:264)
at java.base/java.util.concurrent.Executors$RunnableAdapter.call(Executors.java:515)
at java.base/java.util.concurrent.FutureTask.run(FutureTask.java:264)
at java.base/java.util.concurrent.ThreadPoolExecutor.runWorker(ThreadPoolExecutor.java:1128)
at java.base/java.util.concurrent.ThreadPoolExecutor$Worker.run(ThreadPoolExecutor.java:628)
at java.base/java.lang.Thread.run(Thread.java:834)
]]>
            </full-stacktrace>
          </exception> <!-- java.lang.AssertionError -->
          <reporter-output>
          </reporter-output>
        </test-method> <!-- addToCartFeaturedProducts -->
        <test-method signature="addToCartFeaturedProducts(org.selenium.objects.Product)[pri:0, instance:org.selenium.tests.AddToCartTest@7a231dfd]" started-at="2023-06-11T12:25:29 EAT" name="addToCartFeaturedProducts" description="Be able to add product to cart" data-provider="featuredProducts" finished-at="2023-06-11T12:25:39 EAT" duration-ms="9656" status="FAIL">
          <params>
            <param index="0">
              <value>
                <![CDATA[org.selenium.objects.Product@1c9269de]]>
              </value>
            </param>
          </params>
          <exception class="java.lang.AssertionError">
            <message>
              <![CDATA[expected [Blue Tshirt] but found [Blue Shoes]]]>
            </message>
            <full-stacktrace>
              <![CDATA[java.lang.AssertionError: expected [Blue Tshirt] but found [Blue Shoes]
at org.testng.Assert.fail(Assert.java:110)
at org.testng.Assert.failNotEquals(Assert.java:1577)
at org.testng.Assert.assertEqualsImpl(Assert.java:149)
at org.testng.Assert.assertEquals(Assert.java:131)
at org.testng.Assert.assertEquals(Assert.java:655)
at org.testng.Assert.assertEquals(Assert.java:665)
at org.selenium.tests.AddToCartTest.addToCartFeaturedProducts(AddToCartTest.java:41)
at java.base/jdk.internal.reflect.NativeMethodAccessorImpl.invoke0(Native Method)
at java.base/jdk.internal.reflect.NativeMethodAccessorImpl.invoke(NativeMethodAccessorImpl.java:62)
at java.base/jdk.internal.reflect.DelegatingMethodAccessorImpl.invoke(DelegatingMethodAccessorImpl.java:43)
at java.base/java.lang.reflect.Method.invoke(Method.java:566)
at org.testng.internal.invokers.MethodInvocationHelper.invokeMethod(MethodInvocationHelper.java:139)
at org.testng.internal.invokers.TestInvoker.invokeMethod(TestInvoker.java:677)
at org.testng.internal.invokers.TestInvoker.invokeTestMethod(TestInvoker.java:221)
at org.testng.internal.invokers.TestMethodWithDataProviderMethodWorker.call(TestMethodWithDataProviderMethodWorker.java:80)
at org.testng.internal.invokers.TestMethodWithDataProviderMethodWorker.call(TestMethodWithDataProviderMethodWorker.java:17)
at java.base/java.util.concurrent.FutureTask.run(FutureTask.java:264)
at java.base/java.util.concurrent.Executors$RunnableAdapter.call(Executors.java:515)
at java.base/java.util.concurrent.FutureTask.run(FutureTask.java:264)
at java.base/java.util.concurrent.ThreadPoolExecutor.runWorker(ThreadPoolExecutor.java:1128)
at java.base/java.util.concurrent.ThreadPoolExecutor$Worker.run(ThreadPoolExecutor.java:628)
at java.base/java.lang.Thread.run(Thread.java:834)
]]>
            </full-stacktrace>
          </exception> <!-- java.lang.AssertionError -->
          <reporter-output>
          </reporter-output>
        </test-method> <!-- addToCartFeaturedProducts -->
        <test-method signature="addToCartFeaturedProducts(org.selenium.objects.Product)[pri:0, instance:org.selenium.tests.AddToCartTest@7a231dfd]" started-at="2023-06-11T12:25:29 EAT" name="addToCartFeaturedProducts" description="Be able to add product to cart" data-provider="featuredProducts" finished-at="2023-06-11T12:25:39 EAT" duration-ms="9446" status="PASS">
          <params>
            <param index="0">
              <value>
                <![CDATA[org.selenium.objects.Product@72871518]]>
              </value>
            </param>
          </params>
          <reporter-output>
          </reporter-output>
        </test-method> <!-- addToCartFeaturedProducts -->
        <test-method signature="addToCartFeaturedProducts(org.selenium.objects.Product)[pri:0, instance:org.selenium.tests.AddToCartTest@7a231dfd]" started-at="2023-06-11T12:25:29 EAT" name="addToCartFeaturedProducts" description="Be able to add product to cart" data-provider="featuredProducts" finished-at="2023-06-11T12:25:39 EAT" duration-ms="9705" status="FAIL">
          <params>
            <param index="0">
              <value>
                <![CDATA[org.selenium.objects.Product@2a3a3d95]]>
              </value>
            </param>
          </params>
          <exception class="java.lang.AssertionError">
            <message>
              <![CDATA[expected [Denim Blue Jeans] but found [Blue Shoes]]]>
            </message>
            <full-stacktrace>
              <![CDATA[java.lang.AssertionError: expected [Denim Blue Jeans] but found [Blue Shoes]
at org.testng.Assert.fail(Assert.java:110)
at org.testng.Assert.failNotEquals(Assert.java:1577)
at org.testng.Assert.assertEqualsImpl(Assert.java:149)
at org.testng.Assert.assertEquals(Assert.java:131)
at org.testng.Assert.assertEquals(Assert.java:655)
at org.testng.Assert.assertEquals(Assert.java:665)
at org.selenium.tests.AddToCartTest.addToCartFeaturedProducts(AddToCartTest.java:41)
at java.base/jdk.internal.reflect.NativeMethodAccessorImpl.invoke0(Native Method)
at java.base/jdk.internal.reflect.NativeMethodAccessorImpl.invoke(NativeMethodAccessorImpl.java:62)
at java.base/jdk.internal.reflect.DelegatingMethodAccessorImpl.invoke(DelegatingMethodAccessorImpl.java:43)
at java.base/java.lang.reflect.Method.invoke(Method.java:566)
at org.testng.internal.invokers.MethodInvocationHelper.invokeMethod(MethodInvocationHelper.java:139)
at org.testng.internal.invokers.TestInvoker.invokeMethod(TestInvoker.java:677)
at org.testng.internal.invokers.TestInvoker.invokeTestMethod(TestInvoker.java:221)
at org.testng.internal.invokers.TestMethodWithDataProviderMethodWorker.call(TestMethodWithDataProviderMethodWorker.java:80)
at org.testng.internal.invokers.TestMethodWithDataProviderMethodWorker.call(TestMethodWithDataProviderMethodWorker.java:17)
at java.base/java.util.concurrent.FutureTask.run(FutureTask.java:264)
at java.base/java.util.concurrent.Executors$RunnableAdapter.call(Executors.java:515)
at java.base/java.util.concurrent.FutureTask.run(FutureTask.java:264)
at java.base/java.util.concurrent.ThreadPoolExecutor.runWorker(ThreadPoolExecutor.java:1128)
at java.base/java.util.concurrent.ThreadPoolExecutor$Worker.run(ThreadPoolExecutor.java:628)
at java.base/java.lang.Thread.run(Thread.java:834)
]]>
            </full-stacktrace>
          </exception> <!-- java.lang.AssertionError -->
          <reporter-output>
          </reporter-output>
        </test-method> <!-- addToCartFeaturedProducts -->
        <test-method is-config="true" signature="quitDriver(org.testng.ITestResult,java.lang.String)[pri:0, instance:org.selenium.tests.AddToCartTest@7a231dfd]" started-at="2023-06-11T12:25:38 EAT" name="quitDriver" finished-at="2023-06-11T12:25:45 EAT" duration-ms="7168" status="PASS">
          <params>
            <param index="0">
              <value>
                <![CDATA[[TestResult name=addToCartFeaturedProducts status=FAILURE method=AddToCartTest.addToCartFeaturedProducts(org.selenium.objects.Product)[pri:0, instance:org.selenium.tests.AddToCartTest@7a231dfd] output={null}]]]>
              </value>
            </param>
            <param index="1">
              <value is-null="true"/>
            </param>
          </params>
          <reporter-output>
          </reporter-output>
        </test-method> <!-- quitDriver -->
        <test-method is-config="true" signature="quitDriver(org.testng.ITestResult,java.lang.String)[pri:0, instance:org.selenium.tests.AddToCartTest@7a231dfd]" started-at="2023-06-11T12:25:39 EAT" name="quitDriver" finished-at="2023-06-11T12:25:45 EAT" duration-ms="6740" status="PASS">
          <params>
            <param index="0">
              <value>
                <![CDATA[[TestResult name=addToCartFeaturedProducts status=FAILURE method=AddToCartTest.addToCartFeaturedProducts(org.selenium.objects.Product)[pri:0, instance:org.selenium.tests.AddToCartTest@7a231dfd] output={null}]]]>
              </value>
            </param>
            <param index="1">
              <value is-null="true"/>
            </param>
          </params>
          <reporter-output>
          </reporter-output>
        </test-method> <!-- quitDriver -->
        <test-method is-config="true" signature="quitDriver(org.testng.ITestResult,java.lang.String)[pri:0, instance:org.selenium.tests.AddToCartTest@7a231dfd]" started-at="2023-06-11T12:25:39 EAT" name="quitDriver" finished-at="2023-06-11T12:25:45 EAT" duration-ms="6338" status="PASS">
          <params>
            <param index="0">
              <value>
                <![CDATA[[TestResult name=addToCartFeaturedProducts status=SUCCESS method=AddToCartTest.addToCartFeaturedProducts(org.selenium.objects.Product)[pri:0, instance:org.selenium.tests.AddToCartTest@7a231dfd] output={null}]]]>
              </value>
            </param>
            <param index="1">
              <value is-null="true"/>
            </param>
          </params>
          <reporter-output>
          </reporter-output>
        </test-method> <!-- quitDriver -->
        <test-method is-config="true" signature="quitDriver(org.testng.ITestResult,java.lang.String)[pri:0, instance:org.selenium.tests.AddToCartTest@7a231dfd]" started-at="2023-06-11T12:25:39 EAT" name="quitDriver" finished-at="2023-06-11T12:25:45 EAT" duration-ms="6463" status="PASS">
          <params>
            <param index="0">
              <value>
                <![CDATA[[TestResult name=addToCartFeaturedProducts status=FAILURE method=AddToCartTest.addToCartFeaturedProducts(org.selenium.objects.Product)[pri:0, instance:org.selenium.tests.AddToCartTest@7a231dfd] output={null}]]]>
              </value>
            </param>
            <param index="1">
              <value is-null="true"/>
            </param>
          </params>
          <reporter-output>
          </reporter-output>
        </test-method> <!-- quitDriver -->
        <test-method is-config="true" signature="quitDriver(org.testng.ITestResult,java.lang.String)[pri:0, instance:org.selenium.tests.AddToCartTest@7a231dfd]" started-at="2023-06-11T12:25:39 EAT" name="quitDriver" finished-at="2023-06-11T12:25:45 EAT" duration-ms="6407" status="PASS">
          <params>
            <param index="0">
              <value>
                <![CDATA[[TestResult name=addToCartFeaturedProducts status=FAILURE method=AddToCartTest.addToCartFeaturedProducts(org.selenium.objects.Product)[pri:0, instance:org.selenium.tests.AddToCartTest@7a231dfd] output={null}]]]>
              </value>
            </param>
            <param index="1">
              <value is-null="true"/>
            </param>
          </params>
          <reporter-output>
          </reporter-output>
        </test-method> <!-- quitDriver -->
        <test-method is-config="true" signature="startDriver(java.lang.String)[pri:0, instance:org.selenium.tests.AddToCartTest@7a231dfd]" started-at="2023-06-11T12:25:45 EAT" name="startDriver" finished-at="2023-06-11T12:25:48 EAT" duration-ms="2548" status="PASS">
          <params>
            <param index="0">
              <value is-null="true"/>
            </param>
          </params>
          <reporter-output>
          </reporter-output>
        </test-method> <!-- startDriver -->
        <test-method signature="addToCartFromStorePage()[pri:0, instance:org.selenium.tests.AddToCartTest@7a231dfd]" started-at="2023-06-11T12:25:48 EAT" name="addToCartFromStorePage" description="Be able to add product to cart" finished-at="2023-06-11T12:25:53 EAT" duration-ms="4665" status="PASS">
          <reporter-output>
          </reporter-output>
        </test-method> <!-- addToCartFromStorePage -->
        <test-method is-config="true" signature="quitDriver(org.testng.ITestResult,java.lang.String)[pri:0, instance:org.selenium.tests.AddToCartTest@7a231dfd]" started-at="2023-06-11T12:25:53 EAT" name="quitDriver" finished-at="2023-06-11T12:25:58 EAT" duration-ms="5683" status="PASS">
          <params>
            <param index="0">
              <value>
                <![CDATA[[TestResult name=addToCartFromStorePage status=SUCCESS method=AddToCartTest.addToCartFromStorePage()[pri:0, instance:org.selenium.tests.AddToCartTest@7a231dfd] output={null}]]]>
              </value>
            </param>
            <param index="1">
              <value is-null="true"/>
            </param>
          </params>
          <reporter-output>
          </reporter-output>
        </test-method> <!-- quitDriver -->
      </class> <!-- org.selenium.tests.AddToCartTest -->
    </test> <!-- Surefire test -->
  </suite> <!-- Surefire suite -->
</testng-results>
